0 info it worked if it ends with ok
1 verbose cli [ '/usr/local/bin/node',
1 verbose cli   '/usr/local/bin/npm',
1 verbose cli   'install',
1 verbose cli   '--save',
1 verbose cli   '@ionic-native/in-app-browser' ]
2 info using npm@3.10.10
3 info using node@v6.9.4
4 silly loadCurrentTree Starting
5 silly install loadCurrentTree
6 silly install readLocalPackageData
7 silly fetchPackageMetaData @ionic-native/in-app-browser
8 silly fetchNamedPackageData @ionic-native/in-app-browser
9 silly mapToRegistry name @ionic-native/in-app-browser
10 silly mapToRegistry scope (from package name) @ionic-native
11 verbose mapToRegistry no registry URL found in name for scope @ionic-native
12 silly mapToRegistry using default registry
13 silly mapToRegistry registry https://registry.npmjs.org/
14 silly mapToRegistry data Result {
14 silly mapToRegistry   raw: '@ionic-native/in-app-browser',
14 silly mapToRegistry   scope: '@ionic-native',
14 silly mapToRegistry   escapedName: '@ionic-native%2fin-app-browser',
14 silly mapToRegistry   name: '@ionic-native/in-app-browser',
14 silly mapToRegistry   rawSpec: '',
14 silly mapToRegistry   spec: 'latest',
14 silly mapToRegistry   type: 'tag' }
15 silly mapToRegistry uri https://registry.npmjs.org/@ionic-native%2fin-app-browser
16 verbose request uri https://registry.npmjs.org/@ionic-native%2fin-app-browser
17 verbose request no auth needed
18 info attempt registry request try #1 at 4:11:33 AM
19 verbose request id 8777e7b84eb2d11e
20 http request GET https://registry.npmjs.org/@ionic-native%2fin-app-browser
21 http 200 https://registry.npmjs.org/@ionic-native%2fin-app-browser
22 verbose headers { 'content-type': 'application/json',
22 verbose headers   server: 'nginx/1.10.1',
22 verbose headers   'last-modified': 'Sat, 20 May 2017 10:29:22 GMT',
22 verbose headers   etag: 'W/"59201a82-c0a4"',
22 verbose headers   'content-encoding': 'gzip',
22 verbose headers   'cache-control': 'max-age=0',
22 verbose headers   'transfer-encoding': 'chunked',
22 verbose headers   'accept-ranges': 'bytes',
22 verbose headers   date: 'Sat, 20 May 2017 20:11:34 GMT',
22 verbose headers   via: '1.1 varnish',
22 verbose headers   age: '0',
22 verbose headers   connection: 'keep-alive',
22 verbose headers   'x-served-by': 'cache-sea1051-SEA',
22 verbose headers   'x-cache': 'MISS',
22 verbose headers   'x-cache-hits': '0',
22 verbose headers   'x-timer': 'S1495311095.814792,VS0,VE105',
22 verbose headers   vary: 'Accept-Encoding' }
23 silly get cb [ 200,
23 silly get   { 'content-type': 'application/json',
23 silly get     server: 'nginx/1.10.1',
23 silly get     'last-modified': 'Sat, 20 May 2017 10:29:22 GMT',
23 silly get     etag: 'W/"59201a82-c0a4"',
23 silly get     'content-encoding': 'gzip',
23 silly get     'cache-control': 'max-age=0',
23 silly get     'transfer-encoding': 'chunked',
23 silly get     'accept-ranges': 'bytes',
23 silly get     date: 'Sat, 20 May 2017 20:11:34 GMT',
23 silly get     via: '1.1 varnish',
23 silly get     age: '0',
23 silly get     connection: 'keep-alive',
23 silly get     'x-served-by': 'cache-sea1051-SEA',
23 silly get     'x-cache': 'MISS',
23 silly get     'x-cache-hits': '0',
23 silly get     'x-timer': 'S1495311095.814792,VS0,VE105',
23 silly get     vary: 'Accept-Encoding' } ]
24 verbose get saving @ionic-native/in-app-browser to /Users/johnraymundniconi/.npm/registry.npmjs.org/_40ionic-native_252fin-app-browser/.cache.json
25 verbose correctMkdir /Users/johnraymundniconi/.npm correctMkdir not in flight; initializing
26 silly install normalizeTree
27 silly loadCurrentTree Finishing
28 silly loadIdealTree Starting
29 silly install loadIdealTree
30 silly cloneCurrentTree Starting
31 silly install cloneCurrentTreeToIdealTree
32 silly cloneCurrentTree Finishing
33 silly loadShrinkwrap Starting
34 silly install loadShrinkwrap
35 silly loadShrinkwrap Finishing
36 silly loadAllDepsIntoIdealTree Starting
37 silly install loadAllDepsIntoIdealTree
38 silly resolveWithNewModule @ionic-native/in-app-browser@3.10.2 checking installable status
39 silly cache add args [ '@ionic-native/in-app-browser', null ]
40 verbose cache add spec @ionic-native/in-app-browser
41 silly cache add parsed spec Result {
41 silly cache add   raw: '@ionic-native/in-app-browser',
41 silly cache add   scope: '@ionic-native',
41 silly cache add   escapedName: '@ionic-native%2fin-app-browser',
41 silly cache add   name: '@ionic-native/in-app-browser',
41 silly cache add   rawSpec: '',
41 silly cache add   spec: 'latest',
41 silly cache add   type: 'tag' }
42 silly addNamed @ionic-native/in-app-browser@latest
43 verbose addNamed "latest" is being treated as a dist-tag for @ionic-native/in-app-browser
44 info addNameTag [ '@ionic-native/in-app-browser', 'latest' ]
45 silly mapToRegistry name @ionic-native/in-app-browser
46 silly mapToRegistry scope (from package name) @ionic-native
47 verbose mapToRegistry no registry URL found in name for scope @ionic-native
48 silly mapToRegistry using default registry
49 silly mapToRegistry registry https://registry.npmjs.org/
50 silly mapToRegistry data Result {
50 silly mapToRegistry   raw: '@ionic-native/in-app-browser',
50 silly mapToRegistry   scope: '@ionic-native',
50 silly mapToRegistry   escapedName: '@ionic-native%2fin-app-browser',
50 silly mapToRegistry   name: '@ionic-native/in-app-browser',
50 silly mapToRegistry   rawSpec: '',
50 silly mapToRegistry   spec: 'latest',
50 silly mapToRegistry   type: 'tag' }
51 silly mapToRegistry uri https://registry.npmjs.org/@ionic-native%2fin-app-browser
52 verbose addNameTag registry:https://registry.npmjs.org/@ionic-native%2fin-app-browser not in flight; fetching
53 verbose get https://registry.npmjs.org/@ionic-native%2fin-app-browser not expired, no request
54 silly addNameTag next cb for @ionic-native/in-app-browser with tag latest
55 silly addNamed @ionic-native/in-app-browser@3.10.2
56 verbose addNamed "3.10.2" is a plain semver version for @ionic-native/in-app-browser
57 silly mapToRegistry name @ionic-native/in-app-browser
58 silly mapToRegistry scope (from package name) @ionic-native
59 verbose mapToRegistry no registry URL found in name for scope @ionic-native
60 silly mapToRegistry using default registry
61 silly mapToRegistry registry https://registry.npmjs.org/
62 silly mapToRegistry data Result {
62 silly mapToRegistry   raw: '@ionic-native/in-app-browser',
62 silly mapToRegistry   scope: '@ionic-native',
62 silly mapToRegistry   escapedName: '@ionic-native%2fin-app-browser',
62 silly mapToRegistry   name: '@ionic-native/in-app-browser',
62 silly mapToRegistry   rawSpec: '',
62 silly mapToRegistry   spec: 'latest',
62 silly mapToRegistry   type: 'tag' }
63 silly mapToRegistry uri https://registry.npmjs.org/@ionic-native%2fin-app-browser
64 verbose addRemoteTarball https://registry.npmjs.org/@ionic-native/in-app-browser/-/in-app-browser-3.10.2.tgz not in flight; adding
65 verbose addRemoteTarball [ 'https://registry.npmjs.org/@ionic-native/in-app-browser/-/in-app-browser-3.10.2.tgz',
65 verbose addRemoteTarball   '7137dd9fe594a560af9a350739c94678ac86ea4a' ]
66 info retry fetch attempt 1 at 4:11:35 AM
67 info attempt registry request try #1 at 4:11:35 AM
68 http fetch GET https://registry.npmjs.org/@ionic-native/in-app-browser/-/in-app-browser-3.10.2.tgz
69 http fetch 200 https://registry.npmjs.org/@ionic-native/in-app-browser/-/in-app-browser-3.10.2.tgz
70 silly fetchAndShaCheck shasum 7137dd9fe594a560af9a350739c94678ac86ea4a
71 verbose addTmpTarball /var/folders/rq/t22tshjd3fz262yf2m21244m0000gn/T/npm-20281-ccf86c0d/registry.npmjs.org/_40ionic-native/in-app-browser/-/in-app-browser-3.10.2.tgz not in flight; adding
72 verbose addTmpTarball already have metadata; skipping unpack for @ionic-native/in-app-browser@3.10.2
73 verbose correctMkdir /Users/johnraymundniconi/.npm correctMkdir not in flight; initializing
74 silly rollbackFailedOptional Starting
75 silly rollbackFailedOptional Finishing
76 silly runTopLevelLifecycles Finishing
77 silly install printInstalled
78 verbose stack Error: EACCES: permission denied, mkdir '/Users/johnraymundniconi/.npm/@ionic-native/in-app-browser'
78 verbose stack     at Error (native)
79 verbose cwd /Users/johnraymundniconi/github/shareacoke
80 error Darwin 14.5.0
81 error argv "/usr/local/bin/node" "/usr/local/bin/npm" "install" "--save" "@ionic-native/in-app-browser"
82 error node v6.9.4
83 error npm  v3.10.10
84 error path /Users/johnraymundniconi/.npm/@ionic-native/in-app-browser
85 error code EACCES
86 error errno -13
87 error syscall mkdir
88 error Error: EACCES: permission denied, mkdir '/Users/johnraymundniconi/.npm/@ionic-native/in-app-browser'
88 error     at Error (native)
88 error  { Error: EACCES: permission denied, mkdir '/Users/johnraymundniconi/.npm/@ionic-native/in-app-browser'
88 error     at Error (native)
88 error   errno: -13,
88 error   code: 'EACCES',
88 error   syscall: 'mkdir',
88 error   path: '/Users/johnraymundniconi/.npm/@ionic-native/in-app-browser' }
89 error Please try running this command again as root/Administrator.
90 verbose exit [ -13, true ]
